build/intermediates/manifest_merge_blame_file/release/manifest-merger-blame-release-report.txt
1<?xml version="1.0" encoding="utf-8"?>
2<manifest xmlns:android="http://schemas.android.com/apk/res/android"
3    package="com.azumio.android.foodlenslibrary"
4    android:versionCode="1"
5    android:versionName="1.0" >
6
7    <uses-sdk
8        android:minSdkVersion="23"
8-->src/main/AndroidManifest.xml
9        android:targetSdkVersion="30" />
9-->src/main/AndroidManifest.xml
10
11    <uses-feature android:name="android.hardware.camera.any" />
11-->src/main/AndroidManifest.xml:5:5-64
11-->src/main/AndroidManifest.xml:5:19-61
12
13    <uses-permission android:name="android.permission.ACCESS_NETWORK_STATE" />
13-->src/main/AndroidManifest.xml:7:5-79
13-->src/main/AndroidManifest.xml:7:22-76
14    <uses-permission android:name="android.permission.CAMERA" />
14-->src/main/AndroidManifest.xml:8:5-65
14-->src/main/AndroidManifest.xml:8:22-62
15    <uses-permission android:name="android.permission.INTERNET" />
15-->src/main/AndroidManifest.xml:9:5-67
15-->src/main/AndroidManifest.xml:9:22-64
16
17    <application android:name="com.azumio.android.foodlenslibrary.FoodLensApplication" >
17-->src/main/AndroidManifest.xml:11:5-45:19
17-->src/main/AndroidManifest.xml:12:9-44
18        <activity
18-->src/main/AndroidManifest.xml:13:9-16:58
19            android:name="com.azumio.android.foodlenslibrary.activity.ResultActivity"
19-->src/main/AndroidManifest.xml:13:19-58
20            android:label="@string/title_activity_result"
20-->src/main/AndroidManifest.xml:14:13-58
21            android:screenOrientation="portrait"
21-->src/main/AndroidManifest.xml:15:13-49
22            android:theme="@style/AppTheme.NoActionBar" />
22-->src/main/AndroidManifest.xml:16:13-56
23        <activity
23-->src/main/AndroidManifest.xml:17:9-21:59
24            android:name="com.azumio.android.foodlenslibrary.activity.CameraActivity"
24-->src/main/AndroidManifest.xml:18:13-52
25            android:label="@string/title_activity_camera"
25-->src/main/AndroidManifest.xml:19:13-58
26            android:screenOrientation="portrait"
26-->src/main/AndroidManifest.xml:20:13-49
27            android:theme="@style/AppTheme.NoActionBar" />
27-->src/main/AndroidManifest.xml:21:13-56
28        <activity
28-->src/main/AndroidManifest.xml:22:9-27:77
29            android:name="com.azumio.android.foodlenslibrary.activity.AddFoodActivity"
29-->src/main/AndroidManifest.xml:23:13-53
30            android:label="@string/title_activity_add_food"
30-->src/main/AndroidManifest.xml:24:13-60
31            android:screenOrientation="portrait"
31-->src/main/AndroidManifest.xml:25:13-49
32            android:theme="@style/AppTheme.NoActionBar"
32-->src/main/AndroidManifest.xml:26:13-56
33            android:windowSoftInputMode="stateAlwaysVisible|adjustResize" />
33-->src/main/AndroidManifest.xml:27:13-74
34        <activity
34-->src/main/AndroidManifest.xml:29:9-34:77
35            android:name="com.azumio.android.foodlenslibrary.activity.EditEntryActivity"
35-->src/main/AndroidManifest.xml:30:13-55
36            android:label="@string/title_activity_edit_food"
36-->src/main/AndroidManifest.xml:31:13-61
37            android:screenOrientation="portrait"
37-->src/main/AndroidManifest.xml:32:13-49
38            android:theme="@style/AppTheme.NoActionBar"
38-->src/main/AndroidManifest.xml:33:13-56
39            android:windowSoftInputMode="stateAlwaysVisible|adjustResize" />
39-->src/main/AndroidManifest.xml:34:13-74
40        <activity
40-->src/main/AndroidManifest.xml:36:9-41:77
41            android:name="com.azumio.android.foodlenslibrary.activity.QuickAddActivity"
41-->src/main/AndroidManifest.xml:37:13-54
42            android:label="@string/title_activity_quick_add_food"
42-->src/main/AndroidManifest.xml:38:13-66
43            android:screenOrientation="portrait"
43-->src/main/AndroidManifest.xml:39:13-49
44            android:theme="@style/AppTheme.NoActionBar"
44-->src/main/AndroidManifest.xml:40:13-56
45            android:windowSoftInputMode="stateAlwaysVisible|adjustResize" />
45-->src/main/AndroidManifest.xml:41:13-74
46    </application>
47
48</manifest>